2025-09-30 15:19:29 [INFO] 程序启动
2025-09-30 15:19:29 [WARNING] 这是一个警告
2025-09-30 15:19:29 [ERROR] 出现了一个错误
2025-09-30 15:22:50 [INFO] 主线程启动
2025-09-30 15:22:50 [INFO] 线程 0 输出日志 0
2025-09-30 15:22:50 [INFO] 线程 0 输出日志 1
2025-09-30 15:22:50 [INFO] 线程 0 输出日志 2
2025-09-30 15:22:50 [INFO] 线程 0 输出日志 3
2025-09-30 15:22:50 [INFO] 线程 0 输出日志 4
2025-09-30 15:22:50 [INFO] 线程 3 输出日志 0
2025-09-30 15:22:50 [INFO] 线程 3 输出日志 1
2025-09-30 15:22:50 [INFO] 线程 3 输出日志 2
2025-09-30 15:22:50 [INFO] 线程 3 输出日志 3
2025-09-30 15:22:50 [INFO] 线程 3 输出日志 4
2025-09-30 15:22:50 [INFO] 线程 1 输出日志 0
2025-09-30 15:22:50 [INFO] 线程 1 输出日志 1
2025-09-30 15:22:50 [INFO] 线程 1 输出日志 2
2025-09-30 15:22:50 [INFO] 线程 1 输出日志 3
2025-09-30 15:22:50 [INFO] 线程 1 输出日志 4
2025-09-30 15:22:50 [INFO] 线程 2 输出日志 0
2025-09-30 15:22:50 [INFO] 线程 2 输出日志 1
2025-09-30 15:22:50 [INFO] 线程 2 输出日志 2
2025-09-30 15:22:50 [INFO] 线程 2 输出日志 3
2025-09-30 15:22:50 [INFO] 线程 2 输出日志 4
2025-09-30 15:22:50 [INFO] 所有线程完成
2025-09-30 15:25:31 [INFO] 主线程启动
2025-09-30 15:25:31 [INFO] 线程 0 输出日志 0
2025-09-30 15:25:31 [INFO] 线程 0 输出日志 1
2025-09-30 15:25:31 [INFO] 线程 0 输出日志 2
2025-09-30 15:25:31 [INFO] 线程 0 输出日志 3
2025-09-30 15:25:31 [INFO] 线程 0 输出日志 4
2025-09-30 15:25:31 [INFO] 线程 1 输出日志 0
2025-09-30 15:25:31 [INFO] 线程 1 输出日志 1
2025-09-30 15:25:31 [INFO] 线程 1 输出日志 2
2025-09-30 15:25:31 [INFO] 线程 1 输出日志 3
2025-09-30 15:25:31 [INFO] 线程 1 输出日志 4
2025-09-30 15:25:31 [INFO] 线程 2 输出日志 0
2025-09-30 15:25:31 [INFO] 线程 2 输出日志 1
2025-09-30 15:25:31 [INFO] 线程 2 输出日志 2
2025-09-30 15:25:31 [INFO] 线程 2 输出日志 3
2025-09-30 15:25:31 [INFO] 线程 2 输出日志 4
2025-09-30 15:25:31 [INFO] 线程 3 输出日志 0
2025-09-30 15:25:31 [INFO] 线程 3 输出日志 1
2025-09-30 15:25:31 [INFO] 线程 3 输出日志 2
2025-09-30 15:25:31 [INFO] 线程 3 输出日志 3
2025-09-30 15:25:31 [INFO] 线程 3 输出日志 4
2025-09-30 15:25:31 [INFO] 所有线程完成
2025-09-30 15:32:10 [INFO] 主线程启动
2025-09-30 15:32:10 [INFO] 线程 1 输出日志 0
2025-09-30 15:32:10 [INFO] 线程 1 输出日志 1
2025-09-30 15:32:10 [INFO] 线程 1 输出日志 2
2025-09-30 15:32:10 [INFO] 线程 1 输出日志 3
2025-09-30 15:32:10 [INFO] 线程 1 输出日志 4
2025-09-30 15:32:10 [INFO] 线程 0 输出日志 0
2025-09-30 15:32:10 [INFO] 线程 0 输出日志 1
2025-09-30 15:32:10 [INFO] 线程 0 输出日志 2
2025-09-30 15:32:10 [INFO] 线程 0 输出日志 3
2025-09-30 15:32:10 [INFO] 线程 0 输出日志 4
2025-09-30 15:32:10 [INFO] 线程 2 输出日志 0
2025-09-30 15:32:10 [INFO] 线程 2 输出日志 1
2025-09-30 15:32:10 [INFO] 线程 2 输出日志 2
2025-09-30 15:32:10 [INFO] 线程 2 输出日志 3
2025-09-30 15:32:10 [INFO] 线程 2 输出日志 4
2025-09-30 15:32:10 [INFO] 线程 3 输出日志 0
2025-09-30 15:32:10 [INFO] 线程 3 输出日志 1
2025-09-30 15:32:10 [INFO] 线程 3 输出日志 2
2025-09-30 15:32:10 [INFO] 线程 3 输出日志 3
2025-09-30 15:32:10 [INFO] 线程 3 输出日志 4
2025-09-30 15:32:10 [INFO] 所有线程完成
2025-09-30 15:35:43 [INFO] 主线程启动
2025-09-30 15:35:43 [INFO] 线程 0 输出日志 0
2025-09-30 15:35:43 [INFO] 线程 0 输出日志 1
2025-09-30 15:35:43 [INFO] 线程 0 输出日志 2
2025-09-30 15:35:43 [INFO] 线程 0 输出日志 3
2025-09-30 15:35:43 [INFO] 线程 0 输出日志 4
2025-09-30 15:35:43 [INFO] 线程 1 输出日志 0
2025-09-30 15:35:43 [INFO] 线程 1 输出日志 1
2025-09-30 15:35:43 [INFO] 线程 2 输出日志 0
2025-09-30 15:35:43 [INFO] 线程 2 输出日志 1
2025-09-30 15:35:43 [INFO] 线程 2 输出日志 2
2025-09-30 15:35:43 [INFO] 线程 2 输出日志 3
2025-09-30 15:35:43 [INFO] 线程 2 输出日志 4
2025-09-30 15:35:43 [INFO] 线程 1 输出日志 2
2025-09-30 15:35:43 [INFO] 线程 1 输出日志 3
2025-09-30 15:35:43 [INFO] 线程 1 输出日志 4
2025-09-30 15:35:43 [INFO] 线程 3 输出日志 0
2025-09-30 15:35:43 [INFO] 线程 3 输出日志 1
2025-09-30 15:35:43 [INFO] 线程 3 输出日志 2
2025-09-30 15:35:43 [INFO] 线程 3 输出日志 3
2025-09-30 15:35:43 [INFO] 线程 3 输出日志 4
2025-09-30 15:35:43 [INFO] 所有线程完成
